{"C:\\Users\\Sergey\\Desktop\\production-project\\src\\Shared\\Lib\\classNames.tsx": {"path":"C:\\Users\\Sergey\\Desktop\\production-project\\src\\Shared\\Lib\\classNames.tsx","statementMap":{"0":{"start":{"line":7,"column":1},"end":{"line":14,"column":13}},"1":{"start":{"line":11,"column":31},"end":{"line":11,"column":45}},"2":{"start":{"line":12,"column":28},"end":{"line":12,"column":31}}},"fnMap":{"0":{"name":"classNames","decl":{"start":{"line":5,"column":16},"end":{"line":5,"column":26}},"loc":{"start":{"line":5,"column":95},"end":{"line":15,"column":1}},"line":5},"1":{"name":"(anonymous_1)","decl":{"start":{"line":11,"column":11},"end":{"line":11,"column":12}},"loc":{"start":{"line":11,"column":31},"end":{"line":11,"column":45}},"line":11},"2":{"name":"(anonymous_2)","decl":{"start":{"line":12,"column":8},"end":{"line":12,"column":9}},"loc":{"start":{"line":12,"column":28},"end":{"line":12,"column":31}},"line":12}},"branchMap":{"0":{"loc":{"start":{"line":5,"column":41},"end":{"line":5,"column":57}},"type":"default-arg","locations":[{"start":{"line":5,"column":54},"end":{"line":5,"column":57}}],"line":5},"1":{"loc":{"start":{"line":5,"column":59},"end":{"line":5,"column":86}},"type":"default-arg","locations":[{"start":{"line":5,"column":83},"end":{"line":5,"column":86}}],"line":5}},"s":{"0":3,"1":1,"2":1},"f":{"0":3,"1":1,"2":1},"b":{"0":[1],"1":[1]},"_coverageSchema":"1a1c01bbd47fc00a2c39e90264f33305004495a9","hash":"8cf8aac15b23930a6e4c2b4b640f18002e881679"}
}
